<!DOCTYPE html PUBLIC "-//W3C//DTD XHTML 1.1//EN" "https://www.w3.org/TR/xhtml11/DTD/xhtml11.dtd">
<html xmlns="https://www.w3.org/1999/xhtml">
<head>
<meta http-equiv="content-type" content="text/html; charset=UTF-8"/>
<title>TestNG Report</title>
<style type="text/css">table {margin-bottom:10px;border-collapse:collapse;empty-cells:show}th,td {border:1px solid #009;padding:.25em .5em}th {vertical-align:bottom}td {vertical-align:top}table a {font-weight:bold}.stripe td {background-color: #E6EBF9}.num {text-align:right}.passedodd td {background-color: #3F3}.passedeven td {background-color: #0A0}.skippedodd td {background-color: #DDD}.skippedeven td {background-color: #CCC}.failedodd td,.attn {background-color: #F33}.failedeven td,.stripe .attn {background-color: #D00}.stacktrace {white-space:pre;font-family:monospace}.totop {font-size:85%;text-align:center;border-bottom:2px solid #000}.invisible {display:none}</style>
</head>
<body>
<table>
<tr><th>Test</th><th># Passed</th><th># Skipped</th><th># Retried</th><th># Failed</th><th>Time (ms)</th><th>Included Groups</th><th>Excluded Groups</th></tr>
<tr><th colspan="8">Master Suite</th></tr>
<tr><td><a href="#t0">Login</a></td><td class="num">0</td><td class="num">0</td><td class="num">0</td><td class="num attn">6</td><td class="num">97,730</td><td>regression, sanity</td><td></td></tr>
</table>
<table id='summary'><thead><tr><th>Class</th><th>Method</th><th>Start</th><th>Time (ms)</th></tr></thead><tbody><tr><th colspan="4">Master Suite</th></tr></tbody><tbody id="t0"><tr><th colspan="4">Login &#8212; failed</th></tr><tr class="failedeven"><td rowspan="1">testCases.TC001_LogInSuccess</td><td><a href="#m0">Veiry_Login_Success</a></td><td rowspan="1">1733963832349</td><td rowspan="1">10033</td></tr><tr class="failedodd"><td rowspan="1">testCases.TC002_LogInFail</td><td><a href="#m1">Verify_Login_Fail</a></td><td rowspan="1">1733963847369</td><td rowspan="1">10063</td></tr><tr class="failedeven"><td rowspan="1">testCases.TC004_TestException_ElementNotInteractableException</td><td><a href="#m2">Verify_ElementNotInteractableException</a></td><td rowspan="1">1733963875530</td><td rowspan="1">10176</td></tr><tr class="failedodd"><td rowspan="1">testCases.TC005_PrivacyPolicyLink</td><td><a href="#m3">Verify_PrivacyPolicyLink</a></td><td rowspan="1">1733963861825</td><td rowspan="1">10374</td></tr><tr class="failedeven"><td rowspan="1">testCases.TC006_CoursesSubscriptionRadioButtons</td><td><a href="#m4">Verify_SubscriptionPage_RadioButtons</a></td><td rowspan="1">1733963815450</td><td rowspan="1">10196</td></tr><tr class="failedodd"><td rowspan="1">testCases.TC007_ContactFormValidation</td><td><a href="#m5">verify_ContactPage_Fields</a></td><td rowspan="1">1733963800115</td><td rowspan="1">10227</td></tr></tbody>
</table>
<h2>Login</h2><h3 id="m0">testCases.TC001_LogInSuccess#Veiry_Login_Success</h3><table class="result"><tr><th>Exception</th></tr><tr><td><div class="stacktrace">java.lang.AssertionError: null
	at testCases.TC001_LogInSuccess.Veiry_Login_Success(TC001_LogInSuccess.java:41)
	at java.base/java.util.ArrayList.forEach(ArrayList.java:1596)
... Removed 27 stack frames</div></td></tr></table><p class="totop"><a href="#summary">back to summary</a></p>
<h3 id="m1">testCases.TC002_LogInFail#Verify_Login_Fail</h3><table class="result"><tr><th>Exception</th></tr><tr><td><div class="stacktrace">java.lang.AssertionError: null
	at testCases.TC002_LogInFail.Verify_Login_Fail(TC002_LogInFail.java:46)
	at java.base/java.util.ArrayList.forEach(ArrayList.java:1596)
... Removed 27 stack frames</div></td></tr></table><p class="totop"><a href="#summary">back to summary</a></p>
<h3 id="m2">testCases.TC004_TestException_ElementNotInteractableException#Verify_ElementNotInteractableException</h3><table class="result"><tr><th>Exception</th></tr><tr><td><div class="stacktrace">java.lang.AssertionError: null
	at testCases.TC004_TestException_ElementNotInteractableException.Verify_ElementNotInteractableException(TC004_TestException_ElementNotInteractableException.java:42)
	at java.base/java.util.ArrayList.forEach(ArrayList.java:1596)
... Removed 27 stack frames</div></td></tr></table><p class="totop"><a href="#summary">back to summary</a></p>
<h3 id="m3">testCases.TC005_PrivacyPolicyLink#Verify_PrivacyPolicyLink</h3><table class="result"><tr><th>Exception</th></tr><tr><td><div class="stacktrace">java.lang.AssertionError: null
	at testCases.TC005_PrivacyPolicyLink.Verify_PrivacyPolicyLink(TC005_PrivacyPolicyLink.java:33)
	at java.base/java.util.ArrayList.forEach(ArrayList.java:1596)
... Removed 27 stack frames</div></td></tr></table><p class="totop"><a href="#summary">back to summary</a></p>
<h3 id="m4">testCases.TC006_CoursesSubscriptionRadioButtons#Verify_SubscriptionPage_RadioButtons</h3><table class="result"><tr><th>Exception</th></tr><tr><td><div class="stacktrace">java.lang.AssertionError: expected [true] but found [false]
	at testCases.TC006_CoursesSubscriptionRadioButtons.Verify_SubscriptionPage_RadioButtons(TC006_CoursesSubscriptionRadioButtons.java:38)
	at java.base/java.util.ArrayList.forEach(ArrayList.java:1596)
... Removed 29 stack frames</div></td></tr></table><p class="totop"><a href="#summary">back to summary</a></p>
<h3 id="m5">testCases.TC007_ContactFormValidation#verify_ContactPage_Fields</h3><table class="result"><tr><th>Exception</th></tr><tr><td><div class="stacktrace">java.lang.AssertionError: expected [true] but found [false]
	at testCases.TC007_ContactFormValidation.verify_ContactPage_Fields(TC007_ContactFormValidation.java:34)
	at java.base/java.util.ArrayList.forEach(ArrayList.java:1596)
... Removed 29 stack frames</div></td></tr></table><p class="totop"><a href="#summary">back to summary</a></p>
</body>
</html>
